This file contains any messages produced by compilers while
running configure, to aid debugging if configure makes a mistake.

It was created by configure, which was
generated by GNU Autoconf 2.69.  Invocation command line was

  $ ./configure 

## --------- ##
## Platform. ##
## --------- ##

hostname = pc9.home
uname -m = x86_64
uname -r = 13.0.0
uname -s = Darwin
uname -v = Darwin Kernel Version 13.0.0: Tue Jul 30 20:52:22 PDT 2013; root:xnu-2422.1.53~3/RELEASE_X86_64

/usr/bin/uname -p = i386
/bin/uname -X     = unknown

/bin/arch              = unknown
/usr/bin/arch -k       = unknown
/usr/convex/getsysinfo = unknown
/usr/bin/hostinfo      = Mach kernel version:
	 Darwin Kernel Version 13.0.0: Tue Jul 30 20:52:22 PDT 2013; root:xnu-2422.1.53~3/RELEASE_X86_64
Kernel configured for up to 8 processors.
4 processors are physically available.
8 processors are logically available.
Processor type: i486 (Intel 80486)
Processors active: 0 1 2 3 4 5 6 7
Primary memory available: 16.00 gigabytes
Default processor set: 262 tasks, 1290 threads, 8 processors
Load average: 1.23, Mach factor: 6.76
/bin/machine           = unknown
/usr/bin/oslevel       = unknown
/bin/universe          = unknown

PATH: /opt/local/bin
PATH: /opt/local/sbin
PATH: /usr/bin
PATH: /bin
PATH: /usr/sbin
PATH: /sbin
PATH: /usr/local/bin
PATH: /opt/X11/bin
PATH: /Users/meeloo/NVPACK/android-sdk-macosx/platform-tools
PATH: /Users/meeloo/NVPACK/android-sdk-macosx/tools
PATH: /Users/meeloo/NVPACK/apache-ant-1.8.2/bin


## ----------- ##
## Core tests. ##
## ----------- ##

configure:2308: checking for a BSD-compatible install
configure:2376: result: /usr/bin/install -c
configure:2387: checking whether build environment is sane
configure:2442: result: yes
configure:2593: checking for a thread-safe mkdir -p
configure:2632: result: ac/install-sh -c -d
configure:2639: checking for gawk
configure:2669: result: no
configure:2639: checking for mawk
configure:2669: result: no
configure:2639: checking for nawk
configure:2669: result: no
configure:2639: checking for awk
configure:2655: found /usr/bin/awk
configure:2666: result: awk
configure:2677: checking whether make sets $(MAKE)
configure:2699: result: yes
configure:2728: checking whether make supports nested variables
configure:2745: result: yes
configure:2888: checking for gcc
configure:2904: found /usr/bin/gcc
configure:2915: result: gcc
configure:3144: checking for C compiler version
configure:3153: gcc --version >&5
Apple LLVM version 5.0 (clang-500.1.65) (based on LLVM 3.3svn)
Target: x86_64-apple-darwin13.0.0
Thread model: posix
Configured with: --prefix=/Applications/Xcode5-DP3.app/Contents/Developer/usr --with-gxx-include-dir=/Applications/Xcode5-DP3.app/Contents/Developer/Platforms/MacOSX.platform/Developer/SDKs/MacOSX10.9.sdk/usr/include/c++/4.2.1
configure:3164: $? = 0
configure:3153: gcc -v >&5
Configured with: --prefix=/Applications/Xcode5-DP3.app/Contents/Developer/usr --with-gxx-include-dir=/Applications/Xcode5-DP3.app/Contents/Developer/Platforms/MacOSX.platform/Developer/SDKs/MacOSX10.9.sdk/usr/include/c++/4.2.1
Apple LLVM version 5.0 (clang-500.1.65) (based on LLVM 3.3svn)
Target: x86_64-apple-darwin13.0.0
Thread model: posix
configure:3164: $? = 0
configure:3153: gcc -V >&5
clang: error: argument to '-V' is missing (expected 1 value)
clang: error: no input files
configure:3164: $? = 1
configure:3153: gcc -qversion >&5
clang: error: no input files
configure:3164: $? = 1
configure:3184: checking whether the C compiler works
configure:3206: gcc -O3 -Wall    conftest.c  >&5
configure:3210: $? = 0
configure:3258: result: yes
configure:3261: checking for C compiler default output file name
configure:3263: result: a.out
configure:3269: checking for suffix of executables
configure:3276: gcc -o conftest -O3 -Wall    conftest.c  >&5
configure:3280: $? = 0
configure:3302: result: 
configure:3324: checking whether we are cross compiling
configure:3332: gcc -o conftest -O3 -Wall    conftest.c  >&5
configure:3336: $? = 0
configure:3343: ./conftest
configure:3347: $? = 0
configure:3362: result: no
configure:3367: checking for suffix of object files
configure:3389: gcc -c -O3 -Wall   conftest.c >&5
configure:3393: $? = 0
configure:3414: result: o
configure:3418: checking whether we are using the GNU C compiler
configure:3437: gcc -c -O3 -Wall   conftest.c >&5
configure:3437: $? = 0
configure:3446: result: yes
configure:3455: checking whether gcc accepts -g
configure:3475: gcc -c -g  conftest.c >&5
configure:3475: $? = 0
configure:3516: result: yes
configure:3533: checking for gcc option to accept ISO C89
configure:3596: gcc  -c -O3 -Wall   conftest.c >&5
configure:3596: $? = 0
configure:3609: result: none needed
configure:3640: checking for style of include used by make
configure:3668: result: GNU
configure:3694: checking dependency style of gcc
configure:3805: result: gcc3
configure:3822: checking if C++ API is enabled
configure:3829: result: 
configure:3890: checking for g++
configure:3906: found /usr/bin/g++
configure:3917: result: g++
configure:3944: checking for C++ compiler version
configure:3953: g++ --version >&5
Apple LLVM version 5.0 (clang-500.1.65) (based on LLVM 3.3svn)
Target: x86_64-apple-darwin13.0.0
Thread model: posix
Configured with: --prefix=/Applications/Xcode5-DP3.app/Contents/Developer/usr --with-gxx-include-dir=/Applications/Xcode5-DP3.app/Contents/Developer/Platforms/MacOSX.platform/Developer/SDKs/MacOSX10.9.sdk/usr/include/c++/4.2.1
configure:3964: $? = 0
configure:3953: g++ -v >&5
Configured with: --prefix=/Applications/Xcode5-DP3.app/Contents/Developer/usr --with-gxx-include-dir=/Applications/Xcode5-DP3.app/Contents/Developer/Platforms/MacOSX.platform/Developer/SDKs/MacOSX10.9.sdk/usr/include/c++/4.2.1
Apple LLVM version 5.0 (clang-500.1.65) (based on LLVM 3.3svn)
Target: x86_64-apple-darwin13.0.0
Thread model: posix
configure:3964: $? = 0
configure:3953: g++ -V >&5
clang: error: argument to '-V' is missing (expected 1 value)
clang: error: no input files
configure:3964: $? = 1
configure:3953: g++ -qversion >&5
clang: error: no input files
configure:3964: $? = 1
configure:3968: checking whether we are using the GNU C++ compiler
configure:3987: g++ -c -O3 -Wall   conftest.cpp >&5
configure:3987: $? = 0
configure:3996: result: yes
configure:4005: checking whether g++ accepts -g
configure:4025: g++ -c -g  conftest.cpp >&5
configure:4025: $? = 0
configure:4066: result: yes
configure:4091: checking dependency style of g++
configure:4202: result: gcc3
configure:4218: checking whether gcc and cc understand -c and -o together
configure:4249: gcc -c conftest.c -o conftest2.o >&5
configure:4253: $? = 0
configure:4259: gcc -c conftest.c -o conftest2.o >&5
configure:4263: $? = 0
configure:4274: cc -c conftest.c >&5
configure:4278: $? = 0
configure:4286: cc -c conftest.c -o conftest2.o >&5
configure:4290: $? = 0
configure:4296: cc -c conftest.c -o conftest2.o >&5
configure:4300: $? = 0
configure:4318: result: yes
configure:4383: checking build system type
configure:4397: result: x86_64-apple-darwin13.0.0
configure:4417: checking host system type
configure:4430: result: x86_64-apple-darwin13.0.0
configure:4471: checking how to print strings
configure:4498: result: printf
configure:4519: checking for a sed that does not truncate output
configure:4583: result: /usr/bin/sed
configure:4601: checking for grep that handles long lines and -e
configure:4659: result: /usr/bin/grep
configure:4664: checking for egrep
configure:4726: result: /usr/bin/grep -E
configure:4731: checking for fgrep
configure:4793: result: /usr/bin/grep -F
configure:4828: checking for ld used by gcc
configure:4895: result: /Applications/Xcode5-DP3.app/Contents/Developer/Toolchains/XcodeDefault.xctoolchain/usr/bin/ld
configure:4902: checking if the linker (/Applications/Xcode5-DP3.app/Contents/Developer/Toolchains/XcodeDefault.xctoolchain/usr/bin/ld) is GNU ld
configure:4917: result: no
configure:4929: checking for BSD- or MS-compatible name lister (nm)
configure:4978: result: /usr/bin/nm
configure:5108: checking the name lister (/usr/bin/nm) interface
configure:5115: gcc -c -O3 -Wall   conftest.c >&5
configure:5118: /usr/bin/nm "conftest.o"
configure:5121: output
0000000000000000 S _some_variable
configure:5128: result: BSD nm
configure:5131: checking whether ln -s works
configure:5135: result: yes
configure:5143: checking the maximum length of command line arguments
configure:5273: result: 196608
configure:5290: checking whether the shell understands some XSI constructs
configure:5300: result: yes
configure:5304: checking whether the shell understands "+="
configure:5310: result: yes
configure:5345: checking how to convert x86_64-apple-darwin13.0.0 file names to x86_64-apple-darwin13.0.0 format
configure:5385: result: func_convert_file_noop
configure:5392: checking how to convert x86_64-apple-darwin13.0.0 file names to toolchain format
configure:5412: result: func_convert_file_noop
configure:5419: checking for /Applications/Xcode5-DP3.app/Contents/Developer/Toolchains/XcodeDefault.xctoolchain/usr/bin/ld option to reload object files
configure:5426: result: -r
configure:5500: checking for objdump
configure:5530: result: no
configure:5559: checking how to recognize dependent libraries
configure:5761: result: pass_all
configure:5846: checking for dlltool
configure:5876: result: no
configure:5906: checking how to associate runtime and link libraries
configure:5933: result: printf %s\n
configure:5994: checking for ar
configure:6010: found /usr/bin/ar
configure:6021: result: ar
configure:6058: checking for archiver @FILE support
configure:6075: gcc -c -O3 -Wall   conftest.c >&5
configure:6075: $? = 0
configure:6078: ar cru libconftest.a @conftest.lst >&5
ar: @conftest.lst: No such file or directory
configure:6081: $? = 1
configure:6101: result: no
configure:6159: checking for strip
configure:6175: found /usr/bin/strip
configure:6186: result: strip
configure:6258: checking for ranlib
configure:6274: found /usr/bin/ranlib
configure:6285: result: ranlib
configure:6387: checking command to parse /usr/bin/nm output from gcc object
configure:6507: gcc -c -O3 -Wall   conftest.c >&5
configure:6510: $? = 0
configure:6514: /usr/bin/nm conftest.o \| sed -n -e 's/^.*[ ]\([BCDEGRST][BCDEGRST]*\)[ ][ ]*\([_A-Za-z][_A-Za-z0-9]*\)$/\1 \2 \2/p' | sed '/ __gnu_lto/d' \> conftest.nm
configure:6517: $? = 0
cannot find nm_test_var in conftest.nm
configure:6507: gcc -c -O3 -Wall   conftest.c >&5
configure:6510: $? = 0
configure:6514: /usr/bin/nm conftest.o \| sed -n -e 's/^.*[ ]\([BCDEGRST][BCDEGRST]*\)[ ][ ]*_\([_A-Za-z][_A-Za-z0-9]*\)$/\1 _\2 \2/p' | sed '/ __gnu_lto/d' \> conftest.nm
configure:6517: $? = 0
configure:6583: gcc -o conftest -O3 -Wall    conftest.c conftstm.o >&5
configure:6586: $? = 0
configure:6624: result: ok
configure:6661: checking for sysroot
configure:6691: result: no
configure:6947: checking for mt
configure:6977: result: no
configure:6997: checking if : is a manifest tool
configure:7003: : '-?'
configure:7011: result: no
configure:7067: checking for dsymutil
configure:7083: found /usr/bin/dsymutil
configure:7094: result: dsymutil
configure:7159: checking for nmedit
configure:7175: found /usr/bin/nmedit
configure:7186: result: nmedit
configure:7251: checking for lipo
configure:7267: found /usr/bin/lipo
configure:7278: result: lipo
configure:7343: checking for otool
configure:7359: found /usr/bin/otool
configure:7370: result: otool
configure:7435: checking for otool64
configure:7465: result: no
configure:7510: checking for -single_module linker flag
gcc -O3 -Wall   -o libconftest.dylib -dynamiclib -Wl,-single_module conftest.c
configure:7543: result: yes
configure:7546: checking for -exported_symbols_list linker flag
configure:7566: gcc -o conftest -O3 -Wall    -Wl,-exported_symbols_list,conftest.sym conftest.c  >&5
configure:7566: $? = 0
configure:7576: result: yes
configure:7579: checking for -force_load linker flag
gcc -O3 -Wall  -c -o conftest.o conftest.c
ar cru libconftest.a conftest.o
ranlib libconftest.a
gcc -O3 -Wall   -o conftest conftest.c -Wl,-force_load,./libconftest.a
configure:7611: result: yes
configure:7653: checking how to run the C preprocessor
configure:7684: gcc -E  conftest.c
configure:7684: $? = 0
configure:7698: gcc -E  conftest.c
conftest.c:11:10: fatal error: 'ac_nonexistent.h' file not found
#include <ac_nonexistent.h>
         ^
1 error generated.
configure:7698: $? = 1
configure: failed program was:
| /* confdefs.h */
| #define PACKAGE_NAME ""
| #define PACKAGE_TARNAME ""
| #define PACKAGE_VERSION ""
| #define PACKAGE_STRING ""
| #define PACKAGE_BUGREPORT ""
| #define PACKAGE_URL ""
| #define PACKAGE "msgpack"
| #define VERSION "0.5.7"
| /* end confdefs.h.  */
| #include <ac_nonexistent.h>
configure:7723: result: gcc -E
configure:7743: gcc -E  conftest.c
configure:7743: $? = 0
configure:7757: gcc -E  conftest.c
conftest.c:11:10: fatal error: 'ac_nonexistent.h' file not found
#include <ac_nonexistent.h>
         ^
1 error generated.
configure:7757: $? = 1
configure: failed program was:
| /* confdefs.h */
| #define PACKAGE_NAME ""
| #define PACKAGE_TARNAME ""
| #define PACKAGE_VERSION ""
| #define PACKAGE_STRING ""
| #define PACKAGE_BUGREPORT ""
| #define PACKAGE_URL ""
| #define PACKAGE "msgpack"
| #define VERSION "0.5.7"
| /* end confdefs.h.  */
| #include <ac_nonexistent.h>
configure:7786: checking for ANSI C header files
configure:7806: gcc -c -O3 -Wall   conftest.c >&5
configure:7806: $? = 0
configure:7879: gcc -o conftest -O3 -Wall    conftest.c  >&5
configure:7879: $? = 0
configure:7879: ./conftest
configure:7879: $? = 0
configure:7890: result: yes
configure:7903: checking for sys/types.h
configure:7903: gcc -c -O3 -Wall   conftest.c >&5
configure:7903: $? = 0
configure:7903: result: yes
configure:7903: checking for sys/stat.h
configure:7903: gcc -c -O3 -Wall   conftest.c >&5
configure:7903: $? = 0
configure:7903: result: yes
configure:7903: checking for stdlib.h
configure:7903: gcc -c -O3 -Wall   conftest.c >&5
configure:7903: $? = 0
configure:7903: result: yes
configure:7903: checking for string.h
configure:7903: gcc -c -O3 -Wall   conftest.c >&5
configure:7903: $? = 0
configure:7903: result: yes
configure:7903: checking for memory.h
configure:7903: gcc -c -O3 -Wall   conftest.c >&5
configure:7903: $? = 0
configure:7903: result: yes
configure:7903: checking for strings.h
configure:7903: gcc -c -O3 -Wall   conftest.c >&5
configure:7903: $? = 0
configure:7903: result: yes
configure:7903: checking for inttypes.h
configure:7903: gcc -c -O3 -Wall   conftest.c >&5
configure:7903: $? = 0
configure:7903: result: yes
configure:7903: checking for stdint.h
configure:7903: gcc -c -O3 -Wall   conftest.c >&5
configure:7903: $? = 0
configure:7903: result: yes
configure:7903: checking for unistd.h
configure:7903: gcc -c -O3 -Wall   conftest.c >&5
configure:7903: $? = 0
configure:7903: result: yes
configure:7917: checking for dlfcn.h
configure:7917: gcc -c -O3 -Wall   conftest.c >&5
configure:7917: $? = 0
configure:7917: result: yes
configure:8134: checking for objdir
configure:8149: result: .libs
configure:8416: checking if gcc supports -fno-rtti -fno-exceptions
configure:8434: gcc -c -O3 -Wall   -fno-rtti -fno-exceptions conftest.c >&5
configure:8438: $? = 0
configure:8451: result: yes
configure:8778: checking for gcc option to produce PIC
configure:8785: result: -fno-common -DPIC
configure:8793: checking if gcc PIC flag -fno-common -DPIC works
configure:8811: gcc -c -O3 -Wall   -fno-common -DPIC -DPIC conftest.c >&5
configure:8815: $? = 0
configure:8828: result: yes
configure:8857: checking if gcc static flag -static works
configure:8885: result: no
configure:8900: checking if gcc supports -c -o file.o
configure:8921: gcc -c -O3 -Wall   -o out/conftest2.o conftest.c >&5
configure:8925: $? = 0
configure:8947: result: yes
configure:8955: checking if gcc supports -c -o file.o
configure:9002: result: yes
configure:9035: checking whether the gcc linker (/Applications/Xcode5-DP3.app/Contents/Developer/Toolchains/XcodeDefault.xctoolchain/usr/bin/ld) supports shared libraries
configure:10188: result: yes
configure:10428: checking dynamic linker characteristics
configure:11161: result: darwin13.0.0 dyld
configure:11268: checking how to hardcode library paths into programs
configure:11293: result: immediate
configure:11833: checking whether stripping libraries is possible
configure:11847: result: yes
configure:11873: checking if libtool supports shared libraries
configure:11875: result: yes
configure:11878: checking whether to build shared libraries
configure:11899: result: yes
configure:11902: checking whether to build static libraries
configure:11906: result: yes
configure:11929: checking how to run the C++ preprocessor
configure:11956: g++ -E  conftest.cpp
configure:11956: $? = 0
configure:11970: g++ -E  conftest.cpp
conftest.cpp:23:10: fatal error: 'ac_nonexistent.h' file not found
#include <ac_nonexistent.h>
         ^
1 error generated.
configure:11970: $? = 1
configure: failed program was:
| /* confdefs.h */
| #define PACKAGE_NAME ""
| #define PACKAGE_TARNAME ""
| #define PACKAGE_VERSION ""
| #define PACKAGE_STRING ""
| #define PACKAGE_BUGREPORT ""
| #define PACKAGE_URL ""
| #define PACKAGE "msgpack"
| #define VERSION "0.5.7"
| #define STDC_HEADERS 1
| #define HAVE_SYS_TYPES_H 1
| #define HAVE_SYS_STAT_H 1
| #define HAVE_STDLIB_H 1
| #define HAVE_STRING_H 1
| #define HAVE_MEMORY_H 1
| #define HAVE_STRINGS_H 1
| #define HAVE_INTTYPES_H 1
| #define HAVE_STDINT_H 1
| #define HAVE_UNISTD_H 1
| #define HAVE_DLFCN_H 1
| #define LT_OBJDIR ".libs/"
| /* end confdefs.h.  */
| #include <ac_nonexistent.h>
configure:11995: result: g++ -E
configure:12015: g++ -E  conftest.cpp
configure:12015: $? = 0
configure:12029: g++ -E  conftest.cpp
conftest.cpp:23:10: fatal error: 'ac_nonexistent.h' file not found
#include <ac_nonexistent.h>
         ^
1 error generated.
configure:12029: $? = 1
configure: failed program was:
| /* confdefs.h */
| #define PACKAGE_NAME ""
| #define PACKAGE_TARNAME ""
| #define PACKAGE_VERSION ""
| #define PACKAGE_STRING ""
| #define PACKAGE_BUGREPORT ""
| #define PACKAGE_URL ""
| #define PACKAGE "msgpack"
| #define VERSION "0.5.7"
| #define STDC_HEADERS 1
| #define HAVE_SYS_TYPES_H 1
| #define HAVE_SYS_STAT_H 1
| #define HAVE_STDLIB_H 1
| #define HAVE_STRING_H 1
| #define HAVE_MEMORY_H 1
| #define HAVE_STRINGS_H 1
| #define HAVE_INTTYPES_H 1
| #define HAVE_STDINT_H 1
| #define HAVE_UNISTD_H 1
| #define HAVE_DLFCN_H 1
| #define LT_OBJDIR ".libs/"
| /* end confdefs.h.  */
| #include <ac_nonexistent.h>
configure:12198: checking for ld used by g++
configure:12265: result: /Applications/Xcode5-DP3.app/Contents/Developer/Toolchains/XcodeDefault.xctoolchain/usr/bin/ld
configure:12272: checking if the linker (/Applications/Xcode5-DP3.app/Contents/Developer/Toolchains/XcodeDefault.xctoolchain/usr/bin/ld) is GNU ld
configure:12287: result: no
configure:12342: checking whether the g++ linker (/Applications/Xcode5-DP3.app/Contents/Developer/Toolchains/XcodeDefault.xctoolchain/usr/bin/ld) supports shared libraries
configure:13347: result: yes
configure:13383: g++ -c -O3 -Wall   conftest.cpp >&5
configure:13386: $? = 0
configure:13906: checking for g++ option to produce PIC
configure:13913: result: -fno-common -DPIC
configure:13921: checking if g++ PIC flag -fno-common -DPIC works
configure:13939: g++ -c -O3 -Wall   -fno-common -DPIC -DPIC conftest.cpp >&5
configure:13943: $? = 0
configure:13956: result: yes
configure:13979: checking if g++ static flag -static works
configure:14007: result: no
configure:14019: checking if g++ supports -c -o file.o
configure:14040: g++ -c -O3 -Wall   -o out/conftest2.o conftest.cpp >&5
configure:14044: $? = 0
configure:14066: result: yes
configure:14071: checking if g++ supports -c -o file.o
configure:14118: result: yes
configure:14148: checking whether the g++ linker (/Applications/Xcode5-DP3.app/Contents/Developer/Toolchains/XcodeDefault.xctoolchain/usr/bin/ld) supports shared libraries
configure:14184: result: yes
configure:14325: checking dynamic linker characteristics
configure:14992: result: darwin13.0.0 dyld
configure:15045: checking how to hardcode library paths into programs
configure:15070: result: immediate
configure:15140: checking dependency style of gcc
configure:15249: result: gcc3
configure:15266: checking if debug option is enabled
configure:15273: result: 
configure:15284: checking for __sync_* atomic operations
configure:15304: gcc -o conftest -O3 -Wall  -g   conftest.c  >&5
configure:15304: $? = 0
configure:15311: result: yes
configure:15509: checking that generated files are newer than configure
configure:15515: result: done
configure:15554: creating ./config.status

## ---------------------- ##
## Running config.status. ##
## ---------------------- ##

This file was extended by config.status, which was
generated by GNU Autoconf 2.69.  Invocation command line was

  CONFIG_FILES    = 
  CONFIG_HEADERS  = 
  CONFIG_LINKS    = 
  CONFIG_COMMANDS = 
  $ ./config.status 

on pc9.home

config.status:1155: creating Makefile
config.status:1155: creating msgpack.pc
config.status:1155: creating src/Makefile
config.status:1155: creating src/msgpack/version.h
config.status:1155: creating test/Makefile
config.status:1155: creating config.h
config.status:1384: executing depfiles commands
config.status:1384: executing libtool commands

## ---------------- ##
## Cache variables. ##
## ---------------- ##

ac_cv_build=x86_64-apple-darwin13.0.0
ac_cv_c_compiler_gnu=yes
ac_cv_cxx_compiler_gnu=yes
ac_cv_env_CCASFLAGS_set=
ac_cv_env_CCASFLAGS_value=
ac_cv_env_CCAS_set=
ac_cv_env_CCAS_value=
ac_cv_env_CCC_set=
ac_cv_env_CCC_value=
ac_cv_env_CC_set=
ac_cv_env_CC_value=
ac_cv_env_CFLAGS_set=
ac_cv_env_CFLAGS_value=
ac_cv_env_CPPFLAGS_set=
ac_cv_env_CPPFLAGS_value=
ac_cv_env_CPP_set=
ac_cv_env_CPP_value=
ac_cv_env_CXXCPP_set=
ac_cv_env_CXXCPP_value=
ac_cv_env_CXXFLAGS_set=
ac_cv_env_CXXFLAGS_value=
ac_cv_env_CXX_set=
ac_cv_env_CXX_value=
ac_cv_env_LDFLAGS_set=
ac_cv_env_LDFLAGS_value=
ac_cv_env_LIBS_set=
ac_cv_env_LIBS_value=
ac_cv_env_build_alias_set=
ac_cv_env_build_alias_value=
ac_cv_env_host_alias_set=
ac_cv_env_host_alias_value=
ac_cv_env_target_alias_set=
ac_cv_env_target_alias_value=
ac_cv_header_dlfcn_h=yes
ac_cv_header_inttypes_h=yes
ac_cv_header_memory_h=yes
ac_cv_header_stdc=yes
ac_cv_header_stdint_h=yes
ac_cv_header_stdlib_h=yes
ac_cv_header_string_h=yes
ac_cv_header_strings_h=yes
ac_cv_header_sys_stat_h=yes
ac_cv_header_sys_types_h=yes
ac_cv_header_unistd_h=yes
ac_cv_host=x86_64-apple-darwin13.0.0
ac_cv_objext=o
ac_cv_path_EGREP='/usr/bin/grep -E'
ac_cv_path_FGREP='/usr/bin/grep -F'
ac_cv_path_GREP=/usr/bin/grep
ac_cv_path_SED=/usr/bin/sed
ac_cv_path_install='/usr/bin/install -c'
ac_cv_prog_AWK=awk
ac_cv_prog_CPP='gcc -E'
ac_cv_prog_CXXCPP='g++ -E'
ac_cv_prog_ac_ct_AR=ar
ac_cv_prog_ac_ct_CC=gcc
ac_cv_prog_ac_ct_CXX=g++
ac_cv_prog_ac_ct_DSYMUTIL=dsymutil
ac_cv_prog_ac_ct_LIPO=lipo
ac_cv_prog_ac_ct_NMEDIT=nmedit
ac_cv_prog_ac_ct_OTOOL=otool
ac_cv_prog_ac_ct_RANLIB=ranlib
ac_cv_prog_ac_ct_STRIP=strip
ac_cv_prog_cc_c89=
ac_cv_prog_cc_g=yes
ac_cv_prog_cc_gcc_c_o=yes
ac_cv_prog_cxx_g=yes
ac_cv_prog_make_make_set=yes
am_cv_CCAS_dependencies_compiler_type=gcc3
am_cv_CC_dependencies_compiler_type=gcc3
am_cv_CXX_dependencies_compiler_type=gcc3
am_cv_make_support_nested_variables=yes
lt_cv_apple_cc_single_mod=yes
lt_cv_ar_at_file=no
lt_cv_deplibs_check_method=pass_all
lt_cv_file_magic_cmd='$MAGIC_CMD'
lt_cv_file_magic_test_file=
lt_cv_ld_exported_symbols_list=yes
lt_cv_ld_force_load=yes
lt_cv_ld_reload_flag=-r
lt_cv_nm_interface='BSD nm'
lt_cv_objdir=.libs
lt_cv_path_LD=/Applications/Xcode5-DP3.app/Contents/Developer/Toolchains/XcodeDefault.xctoolchain/usr/bin/ld
lt_cv_path_LDCXX=/Applications/Xcode5-DP3.app/Contents/Developer/Toolchains/XcodeDefault.xctoolchain/usr/bin/ld
lt_cv_path_NM=/usr/bin/nm
lt_cv_path_mainfest_tool=no
lt_cv_prog_compiler_c_o=yes
lt_cv_prog_compiler_c_o_CXX=yes
lt_cv_prog_compiler_pic='-fno-common -DPIC'
lt_cv_prog_compiler_pic_CXX='-fno-common -DPIC'
lt_cv_prog_compiler_pic_works=yes
lt_cv_prog_compiler_pic_works_CXX=yes
lt_cv_prog_compiler_rtti_exceptions=yes
lt_cv_prog_compiler_static_works=no
lt_cv_prog_compiler_static_works_CXX=no
lt_cv_prog_gnu_ld=no
lt_cv_prog_gnu_ldcxx=no
lt_cv_sharedlib_from_linklib_cmd='printf %s\n'
lt_cv_sys_global_symbol_pipe='sed -n -e '\''s/^.*[	 ]\([BCDEGRST][BCDEGRST]*\)[	 ][	 ]*_\([_A-Za-z][_A-Za-z0-9]*\)$/\1 _\2 \2/p'\'' | sed '\''/ __gnu_lto/d'\'''
lt_cv_sys_global_symbol_to_c_name_address='sed -n -e '\''s/^: \([^ ]*\)[ ]*$/  {\"\1\", (void *) 0},/p'\'' -e '\''s/^[BCDEGRST]* \([^ ]*\) \([^ ]*\)$/  {"\2", (void *) \&\2},/p'\'''
lt_cv_sys_global_symbol_to_c_name_address_lib_prefix='sed -n -e '\''s/^: \([^ ]*\)[ ]*$/  {\"\1\", (void *) 0},/p'\'' -e '\''s/^[BCDEGRST]* \([^ ]*\) \(lib[^ ]*\)$/  {"\2", (void *) \&\2},/p'\'' -e '\''s/^[BCDEGRST]* \([^ ]*\) \([^ ]*\)$/  {"lib\2", (void *) \&\2},/p'\'''
lt_cv_sys_global_symbol_to_cdecl='sed -n -e '\''s/^T .* \(.*\)$/extern int \1();/p'\'' -e '\''s/^[BCDEGRST]* .* \(.*\)$/extern char \1;/p'\'''
lt_cv_sys_max_cmd_len=196608
lt_cv_to_host_file_cmd=func_convert_file_noop
lt_cv_to_tool_file_cmd=func_convert_file_noop
msgpack_cv_atomic_ops=yes

## ----------------- ##
## Output variables. ##
## ----------------- ##

ACLOCAL='${SHELL} /Users/meeloo/work/msgpack-c/ac/missing aclocal-1.13'
AMDEPBACKSLASH='\'
AMDEP_FALSE='#'
AMDEP_TRUE=''
AMTAR='$${TAR-tar}'
AM_BACKSLASH='\'
AM_DEFAULT_V='$(AM_DEFAULT_VERBOSITY)'
AM_DEFAULT_VERBOSITY='1'
AM_V='$(V)'
AR='ar'
AUTOCONF='${SHELL} /Users/meeloo/work/msgpack-c/ac/missing autoconf'
AUTOHEADER='${SHELL} /Users/meeloo/work/msgpack-c/ac/missing autoheader'
AUTOMAKE='${SHELL} /Users/meeloo/work/msgpack-c/ac/missing automake-1.13'
AWK='awk'
CC='gcc'
CCAS='gcc'
CCASDEPMODE='depmode=gcc3'
CCASFLAGS='-O3 -Wall '
CCDEPMODE='depmode=gcc3'
CFLAGS='-O3 -Wall  -g'
CPP='gcc -E'
CPPFLAGS=''
CXX='g++'
CXXCPP='g++ -E'
CXXDEPMODE='depmode=gcc3'
CXXFLAGS='-O3 -Wall  -g'
CYGPATH_W='echo'
DEFS='-DHAVE_CONFIG_H'
DEPDIR='.deps'
DLLTOOL='false'
DSYMUTIL='dsymutil'
DUMPBIN=''
ECHO_C='\c'
ECHO_N=''
ECHO_T=''
EGREP='/usr/bin/grep -E'
ENABLE_CXX_FALSE='#'
ENABLE_CXX_TRUE=''
ENABLE_GCC_CXX_ATOMIC_FALSE=''
ENABLE_GCC_CXX_ATOMIC_TRUE='#'
EXEEXT=''
FGREP='/usr/bin/grep -F'
GREP='/usr/bin/grep'
INSTALL_DATA='${INSTALL} -m 644'
INSTALL_PROGRAM='${INSTALL}'
INSTALL_SCRIPT='${INSTALL}'
INSTALL_STRIP_PROGRAM='$(install_sh) -c -s'
LD='/Applications/Xcode5-DP3.app/Contents/Developer/Toolchains/XcodeDefault.xctoolchain/usr/bin/ld'
LDFLAGS=''
LIBOBJS=''
LIBS=''
LIBTOOL='$(SHELL) $(top_builddir)/libtool'
LIPO='lipo'
LN_S='ln -s'
LTLIBOBJS=''
MAKEINFO='${SHELL} /Users/meeloo/work/msgpack-c/ac/missing makeinfo'
MANIFEST_TOOL=':'
MKDIR_P='ac/install-sh -c -d'
NM='/usr/bin/nm'
NMEDIT='nmedit'
OBJDUMP='false'
OBJEXT='o'
OTOOL64=':'
OTOOL='otool'
PACKAGE='msgpack'
PACKAGE_BUGREPORT=''
PACKAGE_NAME=''
PACKAGE_STRING=''
PACKAGE_TARNAME=''
PACKAGE_URL=''
PACKAGE_VERSION=''
PATH_SEPARATOR=':'
RANLIB='ranlib'
SED='/usr/bin/sed'
SET_MAKE=''
SHELL='/bin/sh'
STRIP='strip'
VERSION='0.5.7'
VERSION_MAJOR='0'
VERSION_MINOR='5'
ac_ct_AR='ar'
ac_ct_CC='gcc'
ac_ct_CXX='g++'
ac_ct_DUMPBIN=''
am__EXEEXT_FALSE=''
am__EXEEXT_TRUE='#'
am__fastdepCCAS_FALSE='#'
am__fastdepCCAS_TRUE=''
am__fastdepCC_FALSE='#'
am__fastdepCC_TRUE=''
am__fastdepCXX_FALSE='#'
am__fastdepCXX_TRUE=''
am__include='include'
am__isrc=''
am__leading_dot='.'
am__nodep='_no'
am__quote=''
am__tar='$${TAR-tar} chof - "$$tardir"'
am__untar='$${TAR-tar} xf -'
bindir='${exec_prefix}/bin'
build='x86_64-apple-darwin13.0.0'
build_alias=''
build_cpu='x86_64'
build_os='darwin13.0.0'
build_vendor='apple'
datadir='${datarootdir}'
datarootdir='${prefix}/share'
docdir='${datarootdir}/doc/${PACKAGE}'
dvidir='${docdir}'
exec_prefix='${prefix}'
host='x86_64-apple-darwin13.0.0'
host_alias=''
host_cpu='x86_64'
host_os='darwin13.0.0'
host_vendor='apple'
htmldir='${docdir}'
includedir='${prefix}/include'
infodir='${datarootdir}/info'
install_sh='${SHELL} /Users/meeloo/work/msgpack-c/ac/install-sh'
libdir='${exec_prefix}/lib'
libexecdir='${exec_prefix}/libexec'
localedir='${datarootdir}/locale'
localstatedir='${prefix}/var'
mandir='${datarootdir}/man'
mkdir_p='$(MKDIR_P)'
oldincludedir='/usr/include'
pdfdir='${docdir}'
prefix='/usr/local'
program_transform_name='s,x,x,'
psdir='${docdir}'
sbindir='${exec_prefix}/sbin'
sharedstatedir='${prefix}/com'
sysconfdir='${prefix}/etc'
target_alias=''

## ----------- ##
## confdefs.h. ##
## ----------- ##

/* confdefs.h */
#define PACKAGE_NAME ""
#define PACKAGE_TARNAME ""
#define PACKAGE_VERSION ""
#define PACKAGE_STRING ""
#define PACKAGE_BUGREPORT ""
#define PACKAGE_URL ""
#define PACKAGE "msgpack"
#define VERSION "0.5.7"
#define STDC_HEADERS 1
#define HAVE_SYS_TYPES_H 1
#define HAVE_SYS_STAT_H 1
#define HAVE_STDLIB_H 1
#define HAVE_STRING_H 1
#define HAVE_MEMORY_H 1
#define HAVE_STRINGS_H 1
#define HAVE_INTTYPES_H 1
#define HAVE_STDINT_H 1
#define HAVE_UNISTD_H 1
#define HAVE_DLFCN_H 1
#define LT_OBJDIR ".libs/"

configure: exit 0
